{'weight_decay': 0.01, 'lr_features': 6e-05, 'lr_classifier': 8e-05, 'n_epochs': 50, 'gamma': 0.77}

Optimizer: Adam
- Param group: 
	lr: 6e-05
	betas: (0.9, 0.999)
	eps: 1e-08
	weight_decay: 0.01
	amsgrad: False
	initial_lr: 6e-05

{'weight_decay': 0.01, 'lr_features': 6e-05, 'lr_classifier': 8e-05, 'n_epochs': 50, 'gamma': 0.77}

Optimizer: Adam
- Param group: 
	lr: 4.6200000000000005e-05
	betas: (0.9, 0.999)
	eps: 1e-08
	weight_decay: 0.01
	amsgrad: False
	initial_lr: 6e-05

{'weight_decay': 0.01, 'lr_features': 6e-05, 'lr_classifier': 8e-05, 'n_epochs': 50, 'gamma': 0.77}

Optimizer: Adam
- Param group: 
	lr: 3.5574e-05
	betas: (0.9, 0.999)
	eps: 1e-08
	weight_decay: 0.01
	amsgrad: False
	initial_lr: 6e-05

{'weight_decay': 0.01, 'lr_features': 6e-05, 'lr_classifier': 8e-05, 'n_epochs': 50, 'gamma': 0.77}

Optimizer: Adam
- Param group: 
	lr: 2.7391980000000003e-05
	betas: (0.9, 0.999)
	eps: 1e-08
	weight_decay: 0.01
	amsgrad: False
	initial_lr: 6e-05

